<?xml version="1.0" encoding="utf-8"?><testsuites name="pytest tests"><testsuite name="pytest" errors="0" failures="0" skipped="0" tests="22" time="55.389" timestamp="2026-06-17T16:17:31.168677+00:00" hostname="agent-env-0ccd5f48-93ce-440d-8190-85287e782b07"><testcase classname="backend.tests.test_patrika_api" name="test_login_success" time="0.592" /><testcase classname="backend.tests.test_patrika_api" name="test_login_invalid" time="0.365" /><testcase classname="backend.tests.test_patrika_api" name="test_me_endpoint" time="0.464" /><testcase classname="backend.tests.test_patrika_api" name="test_me_no_token" time="0.147" /><testcase classname="backend.tests.test_patrika_api" name="test_list_users_admin" time="0.147" /><testcase classname="backend.tests.test_patrika_api" name="test_list_users_forbidden_for_user" time="0.839" /><testcase classname="backend.tests.test_patrika_api" name="test_create_and_delete_user" time="0.645" /><testcase classname="backend.tests.test_patrika_api" name="test_create_visit" time="0.104" /><testcase classname="backend.tests.test_patrika_api" name="test_get_visit" time="0.105" /><testcase classname="backend.tests.test_patrika_api" name="test_list_visits_admin_sees_all" time="0.102" /><testcase classname="backend.tests.test_patrika_api" name="test_user_cannot_access_admins_visit" time="0.094" /><testcase classname="backend.tests.test_patrika_api" name="test_segment_update_and_persistence" time="0.214" /><testcase classname="backend.tests.test_patrika_api" name="test_invalid_segment_key" time="0.117" /><testcase classname="backend.tests.test_patrika_api" name="test_schema_get_default" time="0.435" /><testcase classname="backend.tests.test_patrika_api" name="test_schema_put_admin_only" time="0.098" /><testcase classname="backend.tests.test_patrika_api" name="test_schema_put_update" time="0.340" /><testcase classname="backend.tests.test_patrika_api" name="test_audit_logs_visible" time="0.107" /><testcase classname="backend.tests.test_patrika_api" name="test_audit_logs_user_restricted" time="0.235" /><testcase classname="backend.tests.test_patrika_api" name="test_ai_analyze_segment" time="18.367" /><testcase classname="backend.tests.test_patrika_api" name="test_ai_executive_summary" time="31.356" /><testcase classname="backend.tests.test_patrika_api" name="test_zz_cleanup_visit" time="0.179" /><testcase classname="backend.tests.test_patrika_api" name="test_zz_cleanup_user" time="0.103" /></testsuite></testsuites>