<?xml version="1.0" encoding="utf-8"?><testsuites name="pytest tests"><testsuite name="pytest" errors="0" failures="0" skipped="0" tests="29" time="110.028" timestamp="2026-06-18T05:13:53.137796+00:00" hostname="agent-env-0ccd5f48-93ce-440d-8190-85287e782b07"><testcase classname="backend.tests.test_patrika_api" name="test_login_success" time="0.458" /><testcase classname="backend.tests.test_patrika_api" name="test_login_invalid" time="0.317" /><testcase classname="backend.tests.test_patrika_api" name="test_me_endpoint" time="0.444" /><testcase classname="backend.tests.test_patrika_api" name="test_me_no_token" time="0.092" /><testcase classname="backend.tests.test_patrika_api" name="test_list_users_admin" time="0.146" /><testcase classname="backend.tests.test_patrika_api" name="test_list_users_forbidden_for_user" time="0.741" /><testcase classname="backend.tests.test_patrika_api" name="test_create_and_delete_user" time="0.667" /><testcase classname="backend.tests.test_patrika_api" name="test_create_visit" time="0.141" /><testcase classname="backend.tests.test_patrika_api" name="test_get_visit" time="0.095" /><testcase classname="backend.tests.test_patrika_api" name="test_list_visits_admin_sees_all" time="0.130" /><testcase classname="backend.tests.test_patrika_api" name="test_user_cannot_access_admins_visit" time="0.091" /><testcase classname="backend.tests.test_patrika_api" name="test_segment_update_and_persistence" time="0.210" /><testcase classname="backend.tests.test_patrika_api" name="test_invalid_segment_key" time="0.092" /><testcase classname="backend.tests.test_patrika_api" name="test_schema_get_default" time="0.096" /><testcase classname="backend.tests.test_patrika_api" name="test_schema_put_admin_only" time="0.087" /><testcase classname="backend.tests.test_patrika_api" name="test_schema_put_update" time="0.343" /><testcase classname="backend.tests.test_patrika_api" name="test_audit_logs_visible" time="0.100" /><testcase classname="backend.tests.test_patrika_api" name="test_audit_logs_user_restricted" time="0.094" /><testcase classname="backend.tests.test_patrika_api" name="test_ai_analyze_segment" time="16.665" /><testcase classname="backend.tests.test_patrika_api" name="test_ai_executive_summary" time="35.168" /><testcase classname="backend.tests.test_patrika_api" name="test_aggregate_dashboard_admin_all" time="0.137" /><testcase classname="backend.tests.test_patrika_api" name="test_aggregate_dashboard_admin_user_filter" time="0.108" /><testcase classname="backend.tests.test_patrika_api" name="test_aggregate_dashboard_user_self" time="0.106" /><testcase classname="backend.tests.test_patrika_api" name="test_aggregate_user_id_param_ignored_for_non_admin" time="0.094" /><testcase classname="backend.tests.test_patrika_api" name="test_aggregate_recovery_ageing_buckets" time="0.191" /><testcase classname="backend.tests.test_patrika_api" name="test_ai_segment_output_is_english" time="17.640" /><testcase classname="backend.tests.test_patrika_api" name="test_ai_exec_summary_is_english" time="35.091" /><testcase classname="backend.tests.test_patrika_api" name="test_zz_cleanup_visit" time="0.162" /><testcase classname="backend.tests.test_patrika_api" name="test_zz_cleanup_user" time="0.104" /></testsuite></testsuites>